#
# A fatal error has been detected by the Java Runtime Environment:
#
#  Internal Error (safepoint.cpp:310), pid=468, tid=11523
#  guarantee(PageArmed == 0) failed: invariant
#
# JRE version: Java(TM) SE Runtime Environment (8.0_45-b14) (build 1.8.0_45-b14)
# Java VM: Java HotSpot(TM) 64-Bit Server VM (25.45-b02 mixed mode bsd-amd64 compressed oops)
# Failed to write core dump. Core dumps have been disabled. To enable core dumping, try "ulimit -c unlimited" before starting Java again
#
# If you would like to submit a bug report, please visit:
#   http://bugreport.java.com/bugreport/crash.jsp
#

---------------  T H R E A D  ---------------

Current thread (0x00007f8c9a037800):  VMThread [stack: 0x000000011f3b5000,0x000000011f4b5000] [id=11523]

Stack: [0x000000011f3b5000,0x000000011f4b5000],  sp=0x000000011f4b4910,  free space=1022k
Native frames: (J=compiled Java code, j=interpreted, Vv=VM code, C=native code)
V  [libjvm.dylib+0x58e7ba]  VMError::report_and_die()+0x3f8
V  [libjvm.dylib+0x1e037f]  report_vm_error(char const*, int, char const*, char const*)+0x54
V  [libjvm.dylib+0x4c2e84]  SafepointSynchronize::begin()+0x2be
V  [libjvm.dylib+0x594a27]  VMThread::loop()+0x319
V  [libjvm.dylib+0x594355]  VMThread::run()+0x79
V  [libjvm.dylib+0x46ea7e]  java_start(Thread*)+0xf6
C  [libsystem_pthread.dylib+0x1899]  _pthread_body+0x8a
C  [libsystem_pthread.dylib+0x172a]  _pthread_struct_init+0x0
C  [libsystem_pthread.dylib+0x5fc9]  thread_start+0xd

VM_Operation (0x00007f8c99c3eb90): EnableBiasedLocking, mode: async safepoint, requested by thread 0x00007f8c9a056000


---------------  P R O C E S S  ---------------

Java Threads: ( => current thread )
  0x00007f8c9a03c000 JavaThread "Service Thread" daemon [_thread_blocked, id=19971, stack(0x000000011fc99000,0x000000011fd99000)]
  0x00007f8c9b832000 JavaThread "C1 CompilerThread2" daemon [_thread_blocked, id=19459, stack(0x000000011fb96000,0x000000011fc96000)]
  0x00007f8c9b831800 JavaThread "C2 CompilerThread1" daemon [_thread_blocked, id=18947, stack(0x000000011fa93000,0x000000011fb93000)]
  0x00007f8c9a055000 JavaThread "C2 CompilerThread0" daemon [_thread_blocked, id=18435, stack(0x000000011f990000,0x000000011fa90000)]
  0x00007f8c9a054800 JavaThread "Signal Dispatcher" daemon [_thread_blocked, id=17923, stack(0x000000011f88d000,0x000000011f98d000)]
  0x00007f8c9b014000 JavaThread "Finalizer" daemon [_thread_blocked, id=12547, stack(0x000000011f5bb000,0x000000011f6bb000)]
  0x00007f8c9b013800 JavaThread "Reference Handler" daemon [_thread_blocked, id=12035, stack(0x000000011f4b8000,0x000000011f5b8000)]
  0x00007f8c9b008800 JavaThread "main" [_thread_in_Java, id=6403, stack(0x000000010a2e9000,0x000000010a3e9000)]

Other Threads:
=>0x00007f8c9a037800 VMThread [stack: 0x000000011f3b5000,0x000000011f4b5000] [id=11523]
  0x00007f8c9a056000 WatcherThread [stack: 0x000000011fd9c000,0x000000011fe9c000] [id=20483]

VM state:synchronizing (normal execution)

VM Mutex/Monitor currently owned by a thread:  ([mutex/lock_event])
[0x00007f8c99d03b90] Safepoint_lock - owner thread: 0x00007f8c9a037800
[0x00007f8c99d03c10] Threads_lock - owner thread: 0x00007f8c9a037800

Heap:
 PSYoungGen      total 18944K, used 1663K [0x00000007aab00000, 0x00000007ac000000, 0x00000007c0000000)
  eden space 16384K, 10% used [0x00000007aab00000,0x00000007aac9fc58,0x00000007abb00000)
  from space 2560K, 0% used [0x00000007abd80000,0x00000007abd80000,0x00000007ac000000)
  to   space 2560K, 0% used [0x00000007abb00000,0x00000007abb00000,0x00000007abd80000)
 ParOldGen       total 44032K, used 0K [0x0000000780000000, 0x0000000782b00000, 0x00000007aab00000)
  object space 44032K, 0% used [0x0000000780000000,0x0000000780000000,0x0000000782b00000)
 Metaspace       used 2782K, capacity 4490K, committed 4864K, reserved 1056768K
  class space    used 301K, capacity 386K, committed 512K, reserved 1048576K

Card table byte_map: [0x000000011af6f000,0x000000011b170000] byte_map_base: 0x000000011736f000

Marking Bits: (ParMarkBitMap*) 0x000000010b4c27a0
 Begin Bits: [0x000000011b6d2000, 0x000000011c6d2000)
 End Bits:   [0x000000011c6d2000, 0x000000011d6d2000)

Polling page: 0x000000010a3f9000

CodeCache: size=245760Kb used=1180Kb max_used=1192Kb free=244579Kb
 bounds [0x000000010bbaf000, 0x000000010be1f000, 0x000000011abaf000]
 total_blobs=297 nmethods=57 adapters=154
 compilation: enabled

Compilation events (10 events):
Event: 0.164 Thread 0x00007f8c9b831800   53       4       predavanjaS11D04.PrimeCounter::isPrime (25 bytes)
Event: 0.165 Thread 0x00007f8c9b831800 nmethod 53 0x000000010bcd7890 code [0x000000010bcd79e0, 0x000000010bcd7b78]
Event: 0.166 Thread 0x00007f8c9a055000   54 %     4       predavanjaS11D04.PrimeCounter::isPrime @ 5 (25 bytes)
Event: 0.167 Thread 0x00007f8c9a055000 nmethod 54% 0x000000010bcd5f50 code [0x000000010bcd60a0, 0x000000010bcd62f8]
Event: 0.597 Thread 0x00007f8c9b832000   55 %     3       predavanjaS11D04.PrimeCounter::countPrimes @ 8 (38 bytes)
Event: 0.597 Thread 0x00007f8c9b832000 nmethod 55% 0x000000010bcd5990 code [0x000000010bcd5b20, 0x000000010bcd5e08]
Event: 0.609 Thread 0x00007f8c9b832000   56       3       predavanjaS11D04.PrimeCounter::countPrimes (38 bytes)
Event: 0.610 Thread 0x00007f8c9b832000 nmethod 56 0x000000010bcd5490 code [0x000000010bcd5600, 0x000000010bcd5888]
Event: 1.083 Thread 0x00007f8c9b831800   57 %     4       predavanjaS11D04.PrimeCounter::countPrimes @ 8 (38 bytes)
Event: 1.086 Thread 0x00007f8c9b831800 nmethod 57% 0x000000010bcd4f90 code [0x000000010bcd50e0, 0x000000010bcd5398]

GC Heap History (0 events):
No events

Deoptimization events (0 events):
No events

Internal exceptions (10 events):
Event: 0.152 Thread 0x00007f8c9b008800 Exception <a 'java/security/PrivilegedActionException'> (0x00000007aac74e38) thrown at [/Users/java_re/workspace/8-2-build-macosx-x86_64/jdk8u45/3457/hotspot/src/share/vm/prims/jvm.cpp, line 1382]
Event: 0.154 Thread 0x00007f8c9b008800 Exception <a 'java/util/zip/ZipException'> (0x00000007aac75b60) thrown at [/Users/java_re/workspace/8-2-build-macosx-x86_64/jdk8u45/3457/hotspot/src/share/vm/prims/jni.cpp, line 709]
Event: 0.154 Thread 0x00007f8c9b008800 Exception <a 'java/security/PrivilegedActionException'> (0x00000007aac75d10) thrown at [/Users/java_re/workspace/8-2-build-macosx-x86_64/jdk8u45/3457/hotspot/src/share/vm/prims/jvm.cpp, line 1382]
Event: 0.154 Thread 0x00007f8c9b008800 Exception <a 'java/security/PrivilegedActionException'> (0x00000007aac75ec8) thrown at [/Users/java_re/workspace/8-2-build-macosx-x86_64/jdk8u45/3457/hotspot/src/share/vm/prims/jvm.cpp, line 1382]
Event: 0.155 Thread 0x00007f8c9b008800 Exception <a 'java/util/zip/ZipException'> (0x00000007aac76c10) thrown at [/Users/java_re/workspace/8-2-build-macosx-x86_64/jdk8u45/3457/hotspot/src/share/vm/prims/jni.cpp, line 709]
Event: 0.155 Thread 0x00007f8c9b008800 Exception <a 'java/security/PrivilegedActionException'> (0x00000007aac76dc0) thrown at [/Users/java_re/workspace/8-2-build-macosx-x86_64/jdk8u45/3457/hotspot/src/share/vm/prims/jvm.cpp, line 1382]
Event: 0.155 Thread 0x00007f8c9b008800 Exception <a 'java/security/PrivilegedActionException'> (0x00000007aac76f78) thrown at [/Users/java_re/workspace/8-2-build-macosx-x86_64/jdk8u45/3457/hotspot/src/share/vm/prims/jvm.cpp, line 1382]
Event: 0.158 Thread 0x00007f8c9b008800 Exception <a 'java/util/zip/ZipException'> (0x00000007aac89dd8) thrown at [/Users/java_re/workspace/8-2-build-macosx-x86_64/jdk8u45/3457/hotspot/src/share/vm/prims/jni.cpp, line 709]
Event: 0.158 Thread 0x00007f8c9b008800 Exception <a 'java/security/PrivilegedActionException'> (0x00000007aac89f88) thrown at [/Users/java_re/workspace/8-2-build-macosx-x86_64/jdk8u45/3457/hotspot/src/share/vm/prims/jvm.cpp, line 1382]
Event: 0.158 Thread 0x00007f8c9b008800 Exception <a 'java/security/PrivilegedActionException'> (0x00000007aac8a140) thrown at [/Users/java_re/workspace/8-2-build-macosx-x86_64/jdk8u45/3457/hotspot/src/share/vm/prims/jvm.cpp, line 1382]

Events (10 events):
Event: 0.162 loading class sun/launcher/LauncherHelper$FXHelper done
Event: 0.162 loading class java/lang/Class$MethodArray
Event: 0.162 loading class java/lang/Class$MethodArray done
Event: 0.162 loading class java/lang/Void
Event: 0.162 loading class java/lang/Void done
Event: 0.162 loading class predavanjaS11D04/PrimeCounter
Event: 0.162 loading class predavanjaS11D04/PrimeCounter done
Event: 1.203 Thread 0x00007f8c9b008800 DEOPT PACKING pc=0x000000010bcd5d0c sp=0x000000010a3e8870
Event: 1.203 Thread 0x00007f8c9b008800 DEOPT UNPACKING pc=0x000000010bbf6633 sp=0x000000010a3e85b8 mode 0
Event: 4.165 Executing VM operation: EnableBiasedLocking


Dynamic libraries:
0x0000000005af2000 	/System/Library/Frameworks/Cocoa.framework/Versions/A/Cocoa
0x0000000005af2000 	/System/Library/Frameworks/Security.framework/Versions/A/Security
0x0000000005af2000 	/System/Library/Frameworks/ApplicationServices.framework/Versions/A/ApplicationServices
0x0000000005af2000 	/usr/lib/libz.1.dylib
0x0000000005af2000 	/usr/lib/libSystem.B.dylib
0x0000000005af2000 	/usr/lib/libobjc.A.dylib
0x0000000005af2000 	/System/Library/Frameworks/CoreFoundation.framework/Versions/A/CoreFoundation
0x0000000005af2000 	/System/Library/Frameworks/Foundation.framework/Versions/C/Foundation
0x0000000005af2000 	/System/Library/Frameworks/AppKit.framework/Versions/C/AppKit
0x0000000005af2000 	/System/Library/Frameworks/CoreData.framework/Versions/A/CoreData
0x0000000005af2000 	/System/Library/PrivateFrameworks/RemoteViewServices.framework/Versions/A/RemoteViewServices
0x0000000005af2000 	/System/Library/Frameworks/AudioToolbox.framework/Versions/A/AudioToolbox
0x0000000005af2000 	/System/Library/Frameworks/AudioUnit.framework/Versions/A/AudioUnit
0x0000000005af2000 	/System/Library/PrivateFrameworks/DataDetectorsCore.framework/Versions/A/DataDetectorsCore
0x0000000005af2000 	/System/Library/PrivateFrameworks/DesktopServicesPriv.framework/Versions/A/DesktopServicesPriv
0x0000000005af2000 	/System/Library/Frameworks/Carbon.framework/Versions/A/Frameworks/HIToolbox.framework/Versions/A/HIToolbox
0x0000000005af2000 	/System/Library/Frameworks/QuartzCore.framework/Versions/A/QuartzCore
0x0000000005af2000 	/System/Library/Frameworks/Carbon.framework/Versions/A/Frameworks/SpeechRecognition.framework/Versions/A/SpeechRecognition
0x0000000005af2000 	/usr/lib/libauto.dylib
0x0000000005af2000 	/usr/lib/libicucore.A.dylib
0x0000000005af2000 	/usr/lib/libxml2.2.dylib
0x0000000005af2000 	/System/Library/PrivateFrameworks/CoreUI.framework/Versions/A/CoreUI
0x0000000005af2000 	/System/Library/Frameworks/CoreAudio.framework/Versions/A/CoreAudio
0x0000000005af2000 	/System/Library/Frameworks/DiskArbitration.framework/Versions/A/DiskArbitration
0x0000000005af2000 	/usr/lib/liblangid.dylib
0x0000000005af2000 	/System/Library/PrivateFrameworks/MultitouchSupport.framework/Versions/A/MultitouchSupport
0x0000000005af2000 	/System/Library/Frameworks/IOKit.framework/Versions/A/IOKit
0x0000000005af2000 	/usr/lib/libDiagnosticMessagesClient.dylib
0x0000000005af2000 	/System/Library/Frameworks/CoreServices.framework/Versions/A/CoreServices
0x0000000005af2000 	/System/Library/PrivateFrameworks/PerformanceAnalysis.framework/Versions/A/PerformanceAnalysis
0x0000000005af2000 	/System/Library/PrivateFrameworks/GenerationalStorage.framework/Versions/A/GenerationalStorage
0x0000000005af2000 	/System/Library/Frameworks/OpenGL.framework/Versions/A/OpenGL
0x0000000005af2000 	/System/Library/PrivateFrameworks/Sharing.framework/Versions/A/Sharing
0x0000000005af2000 	/System/Library/Frameworks/ImageIO.framework/Versions/A/ImageIO
0x0000000005af2000 	/System/Library/Frameworks/CoreText.framework/Versions/A/CoreText
0x0000000005af2000 	/System/Library/Frameworks/CoreGraphics.framework/Versions/A/CoreGraphics
0x0000000005af2000 	/System/Library/PrivateFrameworks/Backup.framework/Versions/A/Backup
0x0000000005af2000 	/System/Library/Frameworks/CFNetwork.framework/Versions/A/CFNetwork
0x0000000005af2000 	/System/Library/Frameworks/SystemConfiguration.framework/Versions/A/SystemConfiguration
0x0000000005af2000 	/usr/lib/libCRFSuite.dylib
0x0000000005af2000 	/usr/lib/libc++.1.dylib
0x0000000005af2000 	/usr/lib/libc++abi.dylib
0x0000000005af2000 	/usr/lib/system/libcache.dylib
0x0000000005af2000 	/usr/lib/system/libcommonCrypto.dylib
0x0000000005af2000 	/usr/lib/system/libcompiler_rt.dylib
0x0000000005af2000 	/usr/lib/system/libcopyfile.dylib
0x0000000005af2000 	/usr/lib/system/libcorecrypto.dylib
0x0000000005af2000 	/usr/lib/system/libdispatch.dylib
0x0000000005af2000 	/usr/lib/system/libdyld.dylib
0x0000000005af2000 	/usr/lib/system/libkeymgr.dylib
0x0000000005af2000 	/usr/lib/system/liblaunch.dylib
0x0000000005af2000 	/usr/lib/system/libmacho.dylib
0x0000000005af2000 	/usr/lib/system/libquarantine.dylib
0x0000000005af2000 	/usr/lib/system/libremovefile.dylib
0x0000000005af2000 	/usr/lib/system/libsystem_asl.dylib
0x0000000005af2000 	/usr/lib/system/libsystem_blocks.dylib
0x0000000005af2000 	/usr/lib/system/libsystem_c.dylib
0x0000000005af2000 	/usr/lib/system/libsystem_configuration.dylib
0x0000000005af2000 	/usr/lib/system/libsystem_dnssd.dylib
0x0000000005af2000 	/usr/lib/system/libsystem_info.dylib
0x0000000005af2000 	/usr/lib/system/libsystem_kernel.dylib
0x0000000005af2000 	/usr/lib/system/libsystem_m.dylib
0x0000000005af2000 	/usr/lib/system/libsystem_malloc.dylib
0x0000000005af2000 	/usr/lib/system/libsystem_network.dylib
0x0000000005af2000 	/usr/lib/system/libsystem_notify.dylib
0x0000000005af2000 	/usr/lib/system/libsystem_platform.dylib
0x0000000005af2000 	/usr/lib/system/libsystem_pthread.dylib
0x0000000005af2000 	/usr/lib/system/libsystem_sandbox.dylib
0x0000000005af2000 	/usr/lib/system/libsystem_stats.dylib
0x0000000005af2000 	/usr/lib/system/libunc.dylib
0x0000000005af2000 	/usr/lib/system/libunwind.dylib
0x0000000005af2000 	/usr/lib/system/libxpc.dylib
0x0000000005af2000 	/usr/lib/libbsm.0.dylib
0x0000000005af2000 	/usr/lib/libsqlite3.dylib
0x0000000005af2000 	/usr/lib/libxar.1.dylib
0x0000000005af2000 	/usr/lib/libpam.2.dylib
0x0000000005af2000 	/usr/lib/libOpenScriptingUtil.dylib
0x0000000005af2000 	/usr/lib/libbz2.1.0.dylib
0x0000000005af2000 	/System/Library/Frameworks/CoreServices.framework/Versions/A/Frameworks/CarbonCore.framework/Versions/A/CarbonCore
0x0000000005af2000 	/System/Library/Frameworks/CoreServices.framework/Versions/A/Frameworks/Metadata.framework/Versions/A/Metadata
0x0000000005af2000 	/System/Library/Frameworks/CoreServices.framework/Versions/A/Frameworks/OSServices.framework/Versions/A/OSServices
0x0000000005af2000 	/System/Library/Frameworks/CoreServices.framework/Versions/A/Frameworks/SearchKit.framework/Versions/A/SearchKit
0x0000000005af2000 	/System/Library/Frameworks/CoreServices.framework/Versions/A/Frameworks/AE.framework/Versions/A/AE
0x0000000005af2000 	/System/Library/Frameworks/CoreServices.framework/Versions/A/Frameworks/LaunchServices.framework/Versions/A/LaunchServices
0x0000000005af2000 	/System/Library/Frameworks/CoreServices.framework/Versions/A/Frameworks/DictionaryServices.framework/Versions/A/DictionaryServices
0x0000000005af2000 	/System/Library/Frameworks/NetFS.framework/Versions/A/NetFS
0x0000000005af2000 	/usr/lib/system/libkxld.dylib
0x0000000005af2000 	/System/Library/PrivateFrameworks/NetAuth.framework/Versions/A/NetAuth
0x0000000005af2000 	/System/Library/PrivateFrameworks/TCC.framework/Versions/A/TCC
0x0000000005af2000 	/System/Library/Frameworks/OpenDirectory.framework/Versions/A/Frameworks/CFOpenDirectory.framework/Versions/A/CFOpenDirectory
0x0000000005af2000 	/System/Library/Frameworks/ServiceManagement.framework/Versions/A/ServiceManagement
0x0000000005af2000 	/usr/lib/libxslt.1.dylib
0x0000000005af2000 	/System/Library/Frameworks/Carbon.framework/Versions/A/Frameworks/Ink.framework/Versions/A/Ink
0x0000000005af2000 	/System/Library/Frameworks/ApplicationServices.framework/Versions/A/Frameworks/ATS.framework/Versions/A/ATS
0x0000000005af2000 	/System/Library/Frameworks/ApplicationServices.framework/Versions/A/Frameworks/ColorSync.framework/Versions/A/ColorSync
0x0000000005af2000 	/System/Library/Frameworks/ApplicationServices.framework/Versions/A/Frameworks/HIServices.framework/Versions/A/HIServices
0x0000000005af2000 	/System/Library/Frameworks/ApplicationServices.framework/Versions/A/Frameworks/LangAnalysis.framework/Versions/A/LangAnalysis
0x0000000005af2000 	/System/Library/Frameworks/ApplicationServices.framework/Versions/A/Frameworks/PrintCore.framework/Versions/A/PrintCore
0x0000000005af2000 	/System/Library/Frameworks/ApplicationServices.framework/Versions/A/Frameworks/QD.framework/Versions/A/QD
0x0000000005af2000 	/System/Library/Frameworks/ApplicationServices.framework/Versions/A/Frameworks/SpeechSynthesis.framework/Versions/A/SpeechSynthesis
0x0000000005af2000 	/System/Library/Frameworks/IOSurface.framework/Versions/A/IOSurface
0x0000000005af2000 	/System/Library/Frameworks/Accelerate.framework/Versions/A/Accelerate
0x0000000005af2000 	/System/Library/Frameworks/Accelerate.framework/Versions/A/Frameworks/vImage.framework/Versions/A/vImage
0x0000000005af2000 	/System/Library/Frameworks/Accelerate.framework/Versions/A/Frameworks/vecLib.framework/Versions/A/vecLib
0x0000000005af2000 	/System/Library/Frameworks/Accelerate.framework/Versions/A/Frameworks/vecLib.framework/Versions/A/libvDSP.dylib
0x0000000005af2000 	/System/Library/Frameworks/Accelerate.framework/Versions/A/Frameworks/vecLib.framework/Versions/A/libvMisc.dylib
0x0000000005af2000 	/System/Library/Frameworks/Accelerate.framework/Versions/A/Frameworks/vecLib.framework/Versions/A/libLAPACK.dylib
0x0000000005af2000 	/System/Library/Frameworks/Accelerate.framework/Versions/A/Frameworks/vecLib.framework/Versions/A/libBLAS.dylib
0x0000000005af2000 	/System/Library/Frameworks/ApplicationServices.framework/Versions/A/Frameworks/ATS.framework/Versions/A/Resources/libFontParser.dylib
0x0000000005af2000 	/System/Library/Frameworks/ApplicationServices.framework/Versions/A/Frameworks/ATS.framework/Versions/A/Resources/libFontRegistry.dylib
0x0000000005af2000 	/System/Library/Frameworks/ImageIO.framework/Versions/A/Resources/libJPEG.dylib
0x0000000005af2000 	/System/Library/Frameworks/ImageIO.framework/Versions/A/Resources/libTIFF.dylib
0x0000000005af2000 	/System/Library/Frameworks/ImageIO.framework/Versions/A/Resources/libPng.dylib
0x0000000005af2000 	/System/Library/Frameworks/ImageIO.framework/Versions/A/Resources/libGIF.dylib
0x0000000005af2000 	/System/Library/Frameworks/ImageIO.framework/Versions/A/Resources/libJP2.dylib
0x0000000005af2000 	/System/Library/Frameworks/ImageIO.framework/Versions/A/Resources/libRadiance.dylib
0x0000000005af2000 	/usr/lib/libcups.2.dylib
0x0000000005af2000 	/System/Library/Frameworks/Kerberos.framework/Versions/A/Kerberos
0x0000000005af2000 	/System/Library/Frameworks/GSS.framework/Versions/A/GSS
0x0000000005af2000 	/usr/lib/libresolv.9.dylib
0x0000000005af2000 	/usr/lib/libiconv.2.dylib
0x0000000005af2000 	/System/Library/PrivateFrameworks/Heimdal.framework/Versions/A/Heimdal
0x0000000005af2000 	/System/Library/PrivateFrameworks/TrustEvaluationAgent.framework/Versions/A/TrustEvaluationAgent
0x0000000005af2000 	/usr/lib/libheimdal-asn1.dylib
0x0000000005af2000 	/System/Library/Frameworks/OpenDirectory.framework/Versions/A/OpenDirectory
0x0000000005af2000 	/System/Library/PrivateFrameworks/CommonAuth.framework/Versions/A/CommonAuth
0x0000000005af2000 	/System/Library/Frameworks/SecurityFoundation.framework/Versions/A/SecurityFoundation
0x0000000005af2000 	/System/Library/PrivateFrameworks/Bom.framework/Versions/A/Bom
0x0000000005af2000 	/System/Library/Frameworks/CoreVideo.framework/Versions/A/CoreVideo
0x0000000005af2000 	/System/Library/Frameworks/QuartzCore.framework/Versions/A/Frameworks/CoreImage.framework/Versions/A/CoreImage
0x0000000005af2000 	/System/Library/Frameworks/QuartzCore.framework/Versions/A/Frameworks/ScalableUserInterface.framework/Versions/A/ScalableUserInterface
0x0000000005af2000 	/System/Library/Frameworks/OpenGL.framework/Versions/A/Libraries/libGLU.dylib
0x0000000005af2000 	/System/Library/Frameworks/OpenGL.framework/Versions/A/Libraries/libGFXShared.dylib
0x0000000005af2000 	/System/Library/Frameworks/OpenGL.framework/Versions/A/Libraries/libGL.dylib
0x0000000005af2000 	/System/Library/Frameworks/OpenGL.framework/Versions/A/Libraries/libGLImage.dylib
0x0000000005af2000 	/System/Library/Frameworks/OpenGL.framework/Versions/A/Libraries/libCVMSPluginSupport.dylib
0x0000000005af2000 	/System/Library/Frameworks/OpenGL.framework/Versions/A/Libraries/libCoreVMClient.dylib
0x0000000005af2000 	/System/Library/PrivateFrameworks/FaceCore.framework/Versions/A/FaceCore
0x0000000005af2000 	/System/Library/PrivateFrameworks/CrashReporterSupport.framework/Versions/A/CrashReporterSupport
0x0000000005af2000 	/System/Library/Frameworks/OpenCL.framework/Versions/A/OpenCL
0x0000000005af2000 	/System/Library/PrivateFrameworks/AppleFSCompression.framework/Versions/A/AppleFSCompression
0x0000000005af2000 	/System/Library/PrivateFrameworks/Ubiquity.framework/Versions/A/Ubiquity
0x0000000005af2000 	/System/Library/PrivateFrameworks/IconServices.framework/Versions/A/IconServices
0x0000000005af2000 	/System/Library/PrivateFrameworks/ChunkingLibrary.framework/Versions/A/ChunkingLibrary
0x0000000005af2000 	/System/Library/PrivateFrameworks/CoreSymbolication.framework/Versions/A/CoreSymbolication
0x0000000005af2000 	/System/Library/PrivateFrameworks/Symbolication.framework/Versions/A/Symbolication
0x0000000005af2000 	/System/Library/PrivateFrameworks/DebugSymbols.framework/Versions/A/DebugSymbols
0x000000010ac00000 	/Library/Java/JavaVirtualMachines/jdk1.8.0_45.jdk/Contents/Home/jre/lib/server/libjvm.dylib
0x0000000005af2000 	/usr/lib/libstdc++.6.dylib
0x000000010a3eb000 	/Library/Java/JavaVirtualMachines/jdk1.8.0_45.jdk/Contents/Home/jre/lib/libverify.dylib
0x000000010bb69000 	/Library/Java/JavaVirtualMachines/jdk1.8.0_45.jdk/Contents/Home/jre/lib/libjava.dylib
0x000000010bba6000 	/Library/Java/JavaVirtualMachines/jdk1.8.0_45.jdk/Contents/Home/jre/lib/libzip.dylib
0x000000011f6bd000 	/System/Library/Frameworks/JavaVM.framework/Frameworks/JavaRuntimeSupport.framework/JavaRuntimeSupport
0x000000011f6d5000 	/System/Library/Frameworks/JavaVM.framework/Versions/A/Frameworks/JavaNativeFoundation.framework/Versions/A/JavaNativeFoundation
0x000000011f6ea000 	/System/Library/Frameworks/JavaVM.framework/Versions/A/JavaVM
0x0000000005af2000 	/System/Library/Frameworks/Carbon.framework/Versions/A/Carbon
0x000000011f6f7000 	/System/Library/PrivateFrameworks/JavaLaunching.framework/Versions/A/JavaLaunching
0x0000000005af2000 	/System/Library/Frameworks/Carbon.framework/Versions/A/Frameworks/CommonPanels.framework/Versions/A/CommonPanels
0x0000000005af2000 	/System/Library/Frameworks/Carbon.framework/Versions/A/Frameworks/Help.framework/Versions/A/Help
0x0000000005af2000 	/System/Library/Frameworks/Carbon.framework/Versions/A/Frameworks/ImageCapture.framework/Versions/A/ImageCapture
0x0000000005af2000 	/System/Library/Frameworks/Carbon.framework/Versions/A/Frameworks/OpenScripting.framework/Versions/A/OpenScripting
0x0000000005af2000 	/System/Library/Frameworks/Carbon.framework/Versions/A/Frameworks/Print.framework/Versions/A/Print
0x0000000005af2000 	/System/Library/Frameworks/Carbon.framework/Versions/A/Frameworks/SecurityHI.framework/Versions/A/SecurityHI

VM Arguments:
jvm_args: -Dfile.encoding=UTF-8 
java_command: predavanjaS11D04.Main3
java_class_path (initial): /Users/kristina.pupavac/Documents/workspace/predavanjaS11D04/bin
Launcher Type: SUN_STANDARD

Environment Variables:
PATH=/usr/bin:/bin:/usr/sbin:/sbin
SHELL=/bin/bash

Signal Handlers:
SIGSEGV: [libjvm.dylib+0x58ef95], sa_mask[0]=11111111011111110111111111111111, sa_flags=SA_ONSTACK|SA_RESTART|SA_SIGINFO
SIGBUS: [libjvm.dylib+0x58ef95], sa_mask[0]=11111111011111110111111111111111, sa_flags=SA_RESTART|SA_SIGINFO
SIGFPE: [libjvm.dylib+0x46c108], sa_mask[0]=11111111011111110111111111111111, sa_flags=SA_RESTART|SA_SIGINFO
SIGPIPE: [libjvm.dylib+0x46c108], sa_mask[0]=11111111011111110111111111111111, sa_flags=SA_RESTART|SA_SIGINFO
SIGXFSZ: [libjvm.dylib+0x46c108], sa_mask[0]=11111111011111110111111111111111, sa_flags=SA_RESTART|SA_SIGINFO
SIGILL: [libjvm.dylib+0x46c108], sa_mask[0]=11111111011111110111111111111111, sa_flags=SA_RESTART|SA_SIGINFO
SIGUSR1: SIG_DFL, sa_mask[0]=00000000000000000000000000000000, sa_flags=SA_RESTART
SIGUSR2: [libjvm.dylib+0x46bc26], sa_mask[0]=00100000000000000000000000000000, sa_flags=SA_RESTART|SA_SIGINFO
SIGHUP: [libjvm.dylib+0x46a1f9], sa_mask[0]=11111111011111110111111111111111, sa_flags=SA_RESTART|SA_SIGINFO
SIGINT: [libjvm.dylib+0x46a1f9], sa_mask[0]=11111111011111110111111111111111, sa_flags=SA_RESTART|SA_SIGINFO
SIGTERM: [libjvm.dylib+0x46a1f9], sa_mask[0]=11111111011111110111111111111111, sa_flags=SA_RESTART|SA_SIGINFO
SIGQUIT: [libjvm.dylib+0x46a1f9], sa_mask[0]=11111111011111110111111111111111, sa_flags=SA_RESTART|SA_SIGINFO


---------------  S Y S T E M  ---------------

OS:Bsduname:Darwin 13.4.0 Darwin Kernel Version 13.4.0: Sun Aug 17 19:50:11 PDT 2014; root:xnu-2422.115.4~1/RELEASE_X86_64 x86_64
rlimit: STACK 8192k, CORE 0k, NPROC 709, NOFILE 10240, AS infinity
load average:2.92 2.65 2.00

CPU:total 4 (2 cores per cpu, 2 threads per core) family 6 model 58 stepping 9, cmov, cx8, fxsr, mmx, sse, sse2, sse3, ssse3, sse4.1, sse4.2, popcnt, avx, aes, clmul, erms, ht, tsc, tscinvbit, tscinv

Memory: 4k page, physical 4194304k(1289704k free)

/proc/meminfo:


vm_info: Java HotSpot(TM) 64-Bit Server VM (25.45-b02) for bsd-amd64 JRE (1.8.0_45-b14), built on Apr 10 2015 10:46:38 by "java_re" with gcc 4.2.1 (Based on Apple Inc. build 5658) (LLVM build 2336.11.00)

time: Thu Jul 30 10:46:41 2015
elapsed time: 530 seconds (0d 0h 8m 50s)

